<?xml version="1.0" encoding="UTF-8"?>
<!-- Generated by org.testng.reporters.JUnitReportReporter -->
<testsuite hostname="USHYDRAVKHAT9" failures="0" tests="1" name="cpsat.Set3_4" time="31.609" errors="0" timestamp="29 Aug 2021 16:54:37 GMT" skipped="0">
  <testcase classname="cpsat.Set3_4" name="testMethod" time="31.609"/>
</testsuite> <!-- cpsat.Set3_4 -->
