<?xml version="1.0" encoding="UTF-8"?>
<!-- Generated by org.testng.reporters.JUnitReportReporter -->
<testsuite hostname="USBLRSANBHOWMI1" name="cpsat.Set5_1" tests="1" failures="0" timestamp="25 Sep 2021 05:36:25 GMT" time="37.015" errors="0">
  <testcase name="testMethod1" time="37.015" classname="cpsat.Set5_1"/>
</testsuite> <!-- cpsat.Set5_1 -->
