<?xml version="1.0" encoding="UTF-8"?>
<!-- Generated by org.testng.reporters.JUnitReportReporter -->
<testsuite hostname="USHYDRAVKHAT9" failures="0" tests="1" name="cpsat.Set1B_1" time="31.469" errors="0" timestamp="29 Aug 2021 08:04:41 GMT" skipped="0">
  <testcase classname="cpsat.Set1B_1" name="testMethod" time="31.469"/>
</testsuite> <!-- cpsat.Set1B_1 -->
