<?xml version="1.0" encoding="UTF-8"?>
<!-- Generated by org.testng.reporters.JUnitReportReporter -->
<testsuite hostname="USHYDRAVKHAT9" failures="0" tests="1" name="testng_demo.test" time="0.006" errors="0" timestamp="28 Aug 2021 11:18:21 GMT" skipped="0">
  <testcase classname="testng_demo.test" name="test" time="0.006"/>
</testsuite> <!-- testng_demo.test -->
