<?xml version="1.0" encoding="UTF-8"?>
<!-- Generated by org.testng.reporters.JUnitReportReporter -->
<testsuite hostname="USHYDRAVKHAT9" failures="0" tests="1" name="cpsat.Set3_3" time="6.247" errors="0" timestamp="29 Aug 2021 16:42:03 GMT" skipped="0">
  <testcase classname="cpsat.Set3_3" name="testMethod" time="6.247"/>
</testsuite> <!-- cpsat.Set3_3 -->
