<?xml version="1.0" encoding="UTF-8"?>
<!-- Generated by org.testng.reporters.JUnitReportReporter -->
<testsuite hostname="USHYDRAVKHAT9" failures="0" tests="1" name="cpsat.Set2A_1" time="88.161" errors="0" timestamp="29 Aug 2021 09:20:57 GMT" skipped="0">
  <testcase classname="cpsat.Set2A_1" name="testMethod" time="88.161"/>
</testsuite> <!-- cpsat.Set2A_1 -->
