<?xml version="1.0" encoding="UTF-8"?>
<!-- Generated by org.testng.reporters.JUnitReportReporter -->
<testsuite hostname="USHYDRAVKHAT9" failures="0" tests="1" name="cpsat.Set2A_4" time="36.172" errors="0" timestamp="29 Aug 2021 12:09:22 GMT" skipped="0">
  <testcase classname="cpsat.Set2A_4" name="testMethod" time="36.172"/>
</testsuite> <!-- cpsat.Set2A_4 -->
