<?xml version="1.0" encoding="UTF-8"?>
<!-- Generated by org.testng.reporters.JUnitReportReporter -->
<testsuite hostname="USHYDRAVKHAT9" failures="0" tests="1" name="cpsat.Set3_2" time="8.417" errors="0" timestamp="29 Aug 2021 15:50:32 GMT" skipped="0">
  <testcase classname="cpsat.Set3_2" name="testMethod1" time="8.417"/>
</testsuite> <!-- cpsat.Set3_2 -->
