<?xml version="1.0" encoding="UTF-8"?>
<!-- Generated by org.testng.reporters.JUnitReportReporter -->
<testsuite hostname="USBLRSANBHOWMI1" name="com.crm.qa.testcases.SetupPageTest" tests="1" failures="0" timestamp="10 Oct 2021 13:41:22 GMT" time="29.068" errors="0">
  <testcase name="serviceClick" time="29.068" classname="com.crm.qa.testcases.SetupPageTest"/>
</testsuite> <!-- com.crm.qa.testcases.SetupPageTest -->
