<?xml version="1.0" encoding="UTF-8"?>
<!-- Generated by org.testng.reporters.JUnitReportReporter -->
<testsuite hostname="USBLRSANBHOWMI1" name="com.crm.qa.testcases.LoginPageTest" tests="3" failures="0" timestamp="10 Oct 2021 13:41:22 GMT" time="32.319" errors="0">
  <testcase name="salesforceLogoTest" time="7.713" classname="com.crm.qa.testcases.LoginPageTest"/>
  <testcase name="loginTest" time="15.872" classname="com.crm.qa.testcases.LoginPageTest"/>
  <testcase name="loginPageTitleTest" time="8.734" classname="com.crm.qa.testcases.LoginPageTest"/>
</testsuite> <!-- com.crm.qa.testcases.LoginPageTest -->
