<?xml version="1.0" encoding="UTF-8"?>
<!-- Generated by org.testng.reporters.JUnitReportReporter -->
<testsuite hostname="USBLRSANBHOWMI1" name="com.crm.qa.testcases.ChatterPageTest" tests="1" failures="0" timestamp="10 Oct 2021 14:14:06 GMT" time="76.658" errors="0">
  <testcase name="validateAllLinksTest" time="76.658" classname="com.crm.qa.testcases.ChatterPageTest"/>
</testsuite> <!-- com.crm.qa.testcases.ChatterPageTest -->
