<?xml version="1.0" encoding="UTF-8"?>
<!-- Generated by org.testng.reporters.JUnitReportReporter -->
<testsuite hostname="USBLRSANBHOWMI1" name="com.crm.qa.testcases.ServiceHomePageTest" tests="3" failures="0" timestamp="10 Oct 2021 13:41:22 GMT" time="114.945" errors="0">
  <testcase name="createAccount" time="39.016" classname="com.crm.qa.testcases.ServiceHomePageTest"/>
  <testcase name="createAccount" time="38.409" classname="com.crm.qa.testcases.ServiceHomePageTest"/>
  <testcase name="createAccount" time="37.520" classname="com.crm.qa.testcases.ServiceHomePageTest"/>
</testsuite> <!-- com.crm.qa.testcases.ServiceHomePageTest -->
