<?xml version="1.0" encoding="UTF-8"?>
<!-- Generated by org.testng.reporters.JUnitReportReporter -->
<testsuite hostname="USBLRSANBHOWMI1" name="com.cpq.qa.test.LoginPageTest" tests="2" failures="0" timestamp="24 Nov 2021 14:25:03 GMT" time="11.664" errors="0">
  <testcase name="loginPageTitleTest" time="3.639" classname="com.cpq.qa.test.LoginPageTest"/>
  <testcase name="salesforceLogoTest" time="8.025" classname="com.cpq.qa.test.LoginPageTest"/>
</testsuite> <!-- com.cpq.qa.test.LoginPageTest -->
