<?xml version="1.0" encoding="UTF-8"?>
<!-- Generated by org.testng.reporters.JUnitReportReporter -->
<testsuite hostname="USBLRSANBHOWMI1" name="com.qa.rest.test.SumValidation" tests="1" failures="0" timestamp="26 Oct 2021 11:55:54 GMT" time="1.819" errors="0">
  <testcase name="sumOfCourses" time="1.819" classname="com.qa.rest.test.SumValidation"/>
</testsuite> <!-- com.qa.rest.test.SumValidation -->
