<?xml version="1.0" encoding="UTF-8"?>
<!-- Generated by org.testng.reporters.JUnitReportReporter -->
<testsuite hostname="USBLRSANBHOWMI1" name="com.qa.rest.test.DynamicJson" tests="3" failures="0" timestamp="26 Oct 2021 14:11:47 GMT" time="3.798" errors="0">
  <testcase name="addBook" time="0.360" classname="com.qa.rest.test.DynamicJson"/>
  <testcase name="addBook" time="3.063" classname="com.qa.rest.test.DynamicJson"/>
  <testcase name="addBook" time="0.375" classname="com.qa.rest.test.DynamicJson"/>
</testsuite> <!-- com.qa.rest.test.DynamicJson -->
