<?xml version="1.0" encoding="UTF-8"?>
<!-- Generated by org.testng.reporters.JUnitReportReporter -->
<testsuite hostname="USBLRSANBHOWMI1" name="AddressTestCases.AddressTest" tests="4" failures="0" timestamp="5 Oct 2021 04:36:48 GMT" time="62.176" errors="0">
  <testcase name="getAddress" time="15.625" classname="AddressTestCases.AddressTest"/>
  <testcase name="deleteAddressTest" time="16.779" classname="AddressTestCases.AddressTest"/>
  <testcase name="updateAddressTest" time="19.704" classname="AddressTestCases.AddressTest"/>
  <testcase name="createAddressTest" time="10.068" classname="AddressTestCases.AddressTest"/>
</testsuite> <!-- AddressTestCases.AddressTest -->
